  源.cpp
C:\Users\Admin\Desktop\泡泡堂\泡泡堂\源.cpp(17,17): warning C4244: “=”: 从“double”转换到“float”，可能丢失数据
C:\Users\Admin\Desktop\泡泡堂\泡泡堂\源.cpp(103,10): warning C4305: “初始化”: 从“double”到“float”截断
C:\Users\Admin\Desktop\泡泡堂\泡泡堂\源.cpp(104,10): warning C4305: “初始化”: 从“double”到“float”截断
C:\Users\Admin\Desktop\泡泡堂\泡泡堂\源.cpp(182,12): warning C4244: “参数”: 从“time_t”转换到“unsigned int”，可能丢失数据
C:\Users\Admin\Desktop\泡泡堂\泡泡堂\源.cpp(210,31): warning C4244: “=”: 从“int”转换到“float”，可能丢失数据
C:\Users\Admin\Desktop\泡泡堂\泡泡堂\源.cpp(211,31): warning C4244: “=”: 从“int”转换到“float”，可能丢失数据
C:\Users\Admin\Desktop\泡泡堂\泡泡堂\源.cpp(290,42): warning C4244: “参数”: 从“float”转换到“int”，可能丢失数据
C:\Users\Admin\Desktop\泡泡堂\泡泡堂\源.cpp(290,26): warning C4244: “参数”: 从“float”转换到“int”，可能丢失数据
C:\Users\Admin\Desktop\泡泡堂\泡泡堂\源.cpp(294,42): warning C4244: “参数”: 从“float”转换到“int”，可能丢失数据
C:\Users\Admin\Desktop\泡泡堂\泡泡堂\源.cpp(294,26): warning C4244: “参数”: 从“float”转换到“int”，可能丢失数据
C:\Users\Admin\Desktop\泡泡堂\泡泡堂\源.cpp(298,42): warning C4244: “参数”: 从“float”转换到“int”，可能丢失数据
C:\Users\Admin\Desktop\泡泡堂\泡泡堂\源.cpp(298,26): warning C4244: “参数”: 从“float”转换到“int”，可能丢失数据
C:\Users\Admin\Desktop\泡泡堂\泡泡堂\源.cpp(302,42): warning C4244: “参数”: 从“float”转换到“int”，可能丢失数据
C:\Users\Admin\Desktop\泡泡堂\泡泡堂\源.cpp(302,26): warning C4244: “参数”: 从“float”转换到“int”，可能丢失数据
C:\Users\Admin\Desktop\泡泡堂\泡泡堂\源.cpp(306,42): warning C4244: “参数”: 从“float”转换到“int”，可能丢失数据
C:\Users\Admin\Desktop\泡泡堂\泡泡堂\源.cpp(306,26): warning C4244: “参数”: 从“float”转换到“int”，可能丢失数据
C:\Users\Admin\Desktop\泡泡堂\泡泡堂\源.cpp(310,42): warning C4244: “参数”: 从“float”转换到“int”，可能丢失数据
C:\Users\Admin\Desktop\泡泡堂\泡泡堂\源.cpp(310,26): warning C4244: “参数”: 从“float”转换到“int”，可能丢失数据
C:\Users\Admin\Desktop\泡泡堂\泡泡堂\源.cpp(314,42): warning C4244: “参数”: 从“float”转换到“int”，可能丢失数据
C:\Users\Admin\Desktop\泡泡堂\泡泡堂\源.cpp(314,26): warning C4244: “参数”: 从“float”转换到“int”，可能丢失数据
C:\Users\Admin\Desktop\泡泡堂\泡泡堂\源.cpp(318,42): warning C4244: “参数”: 从“float”转换到“int”，可能丢失数据
C:\Users\Admin\Desktop\泡泡堂\泡泡堂\源.cpp(318,26): warning C4244: “参数”: 从“float”转换到“int”，可能丢失数据
C:\Users\Admin\Desktop\泡泡堂\泡泡堂\源.cpp(326,42): warning C4244: “参数”: 从“float”转换到“int”，可能丢失数据
C:\Users\Admin\Desktop\泡泡堂\泡泡堂\源.cpp(326,26): warning C4244: “参数”: 从“float”转换到“int”，可能丢失数据
C:\Users\Admin\Desktop\泡泡堂\泡泡堂\源.cpp(330,42): warning C4244: “参数”: 从“float”转换到“int”，可能丢失数据
C:\Users\Admin\Desktop\泡泡堂\泡泡堂\源.cpp(330,26): warning C4244: “参数”: 从“float”转换到“int”，可能丢失数据
C:\Users\Admin\Desktop\泡泡堂\泡泡堂\源.cpp(334,42): warning C4244: “参数”: 从“float”转换到“int”，可能丢失数据
C:\Users\Admin\Desktop\泡泡堂\泡泡堂\源.cpp(334,26): warning C4244: “参数”: 从“float”转换到“int”，可能丢失数据
C:\Users\Admin\Desktop\泡泡堂\泡泡堂\源.cpp(338,42): warning C4244: “参数”: 从“float”转换到“int”，可能丢失数据
C:\Users\Admin\Desktop\泡泡堂\泡泡堂\源.cpp(338,26): warning C4244: “参数”: 从“float”转换到“int”，可能丢失数据
C:\Users\Admin\Desktop\泡泡堂\泡泡堂\源.cpp(342,42): warning C4244: “参数”: 从“float”转换到“int”，可能丢失数据
C:\Users\Admin\Desktop\泡泡堂\泡泡堂\源.cpp(342,26): warning C4244: “参数”: 从“float”转换到“int”，可能丢失数据
C:\Users\Admin\Desktop\泡泡堂\泡泡堂\源.cpp(346,42): warning C4244: “参数”: 从“float”转换到“int”，可能丢失数据
C:\Users\Admin\Desktop\泡泡堂\泡泡堂\源.cpp(346,26): warning C4244: “参数”: 从“float”转换到“int”，可能丢失数据
C:\Users\Admin\Desktop\泡泡堂\泡泡堂\源.cpp(355,42): warning C4244: “参数”: 从“float”转换到“int”，可能丢失数据
C:\Users\Admin\Desktop\泡泡堂\泡泡堂\源.cpp(355,26): warning C4244: “参数”: 从“float”转换到“int”，可能丢失数据
C:\Users\Admin\Desktop\泡泡堂\泡泡堂\源.cpp(359,42): warning C4244: “参数”: 从“float”转换到“int”，可能丢失数据
C:\Users\Admin\Desktop\泡泡堂\泡泡堂\源.cpp(359,26): warning C4244: “参数”: 从“float”转换到“int”，可能丢失数据
C:\Users\Admin\Desktop\泡泡堂\泡泡堂\源.cpp(363,42): warning C4244: “参数”: 从“float”转换到“int”，可能丢失数据
C:\Users\Admin\Desktop\泡泡堂\泡泡堂\源.cpp(363,26): warning C4244: “参数”: 从“float”转换到“int”，可能丢失数据
C:\Users\Admin\Desktop\泡泡堂\泡泡堂\源.cpp(367,42): warning C4244: “参数”: 从“float”转换到“int”，可能丢失数据
C:\Users\Admin\Desktop\泡泡堂\泡泡堂\源.cpp(367,26): warning C4244: “参数”: 从“float”转换到“int”，可能丢失数据
C:\Users\Admin\Desktop\泡泡堂\泡泡堂\源.cpp(371,42): warning C4244: “参数”: 从“float”转换到“int”，可能丢失数据
C:\Users\Admin\Desktop\泡泡堂\泡泡堂\源.cpp(371,26): warning C4244: “参数”: 从“float”转换到“int”，可能丢失数据
C:\Users\Admin\Desktop\泡泡堂\泡泡堂\源.cpp(375,42): warning C4244: “参数”: 从“float”转换到“int”，可能丢失数据
C:\Users\Admin\Desktop\泡泡堂\泡泡堂\源.cpp(375,26): warning C4244: “参数”: 从“float”转换到“int”，可能丢失数据
C:\Users\Admin\Desktop\泡泡堂\泡泡堂\源.cpp(383,42): warning C4244: “参数”: 从“float”转换到“int”，可能丢失数据
C:\Users\Admin\Desktop\泡泡堂\泡泡堂\源.cpp(383,26): warning C4244: “参数”: 从“float”转换到“int”，可能丢失数据
C:\Users\Admin\Desktop\泡泡堂\泡泡堂\源.cpp(387,42): warning C4244: “参数”: 从“float”转换到“int”，可能丢失数据
C:\Users\Admin\Desktop\泡泡堂\泡泡堂\源.cpp(387,26): warning C4244: “参数”: 从“float”转换到“int”，可能丢失数据
C:\Users\Admin\Desktop\泡泡堂\泡泡堂\源.cpp(391,42): warning C4244: “参数”: 从“float”转换到“int”，可能丢失数据
C:\Users\Admin\Desktop\泡泡堂\泡泡堂\源.cpp(391,26): warning C4244: “参数”: 从“float”转换到“int”，可能丢失数据
C:\Users\Admin\Desktop\泡泡堂\泡泡堂\源.cpp(395,42): warning C4244: “参数”: 从“float”转换到“int”，可能丢失数据
C:\Users\Admin\Desktop\泡泡堂\泡泡堂\源.cpp(395,26): warning C4244: “参数”: 从“float”转换到“int”，可能丢失数据
C:\Users\Admin\Desktop\泡泡堂\泡泡堂\源.cpp(454,8): warning C4305: “=”: 从“double”到“float”截断
C:\Users\Admin\Desktop\泡泡堂\泡泡堂\源.cpp(458,8): warning C4305: “=”: 从“double”到“float”截断
C:\Users\Admin\Desktop\泡泡堂\泡泡堂\源.cpp(462,8): warning C4305: “=”: 从“double”到“float”截断
C:\Users\Admin\Desktop\泡泡堂\泡泡堂\源.cpp(466,8): warning C4305: “=”: 从“double”到“float”截断
C:\Users\Admin\Desktop\泡泡堂\泡泡堂\源.cpp(515,45): warning C4244: “参数”: 从“double”转换到“float”，可能丢失数据
C:\Users\Admin\Desktop\泡泡堂\泡泡堂\源.cpp(515,25): warning C4244: “参数”: 从“double”转换到“float”，可能丢失数据
C:\Users\Admin\Desktop\泡泡堂\泡泡堂\源.cpp(516,45): warning C4244: “参数”: 从“double”转换到“float”，可能丢失数据
C:\Users\Admin\Desktop\泡泡堂\泡泡堂\源.cpp(516,25): warning C4244: “参数”: 从“double”转换到“float”，可能丢失数据
C:\Users\Admin\Desktop\泡泡堂\泡泡堂\源.cpp(523,45): warning C4244: “参数”: 从“double”转换到“float”，可能丢失数据
C:\Users\Admin\Desktop\泡泡堂\泡泡堂\源.cpp(523,25): warning C4244: “参数”: 从“double”转换到“float”，可能丢失数据
C:\Users\Admin\Desktop\泡泡堂\泡泡堂\源.cpp(524,45): warning C4244: “参数”: 从“double”转换到“float”，可能丢失数据
C:\Users\Admin\Desktop\泡泡堂\泡泡堂\源.cpp(524,25): warning C4244: “参数”: 从“double”转换到“float”，可能丢失数据
C:\Users\Admin\Desktop\泡泡堂\泡泡堂\源.cpp(531,76): warning C4244: “=”: 从“float”转换到“int”，可能丢失数据
C:\Users\Admin\Desktop\泡泡堂\泡泡堂\源.cpp(532,76): warning C4244: “=”: 从“float”转换到“int”，可能丢失数据
C:\Users\Admin\Desktop\泡泡堂\泡泡堂\源.cpp(550,76): warning C4244: “=”: 从“float”转换到“int”，可能丢失数据
C:\Users\Admin\Desktop\泡泡堂\泡泡堂\源.cpp(551,76): warning C4244: “=”: 从“float”转换到“int”，可能丢失数据
  泡泡堂.vcxproj -> C:\Users\Admin\Desktop\泡泡堂\x64\Debug\泡泡堂.exe
